<?xml version='1.0' encoding='UTF-8'?>
<testsuite hostname="mothership" name="dk.nuuday.digitalCommunications.voxbone.httpModels.VoxboneHttpRequestsTest" tests="10" errors="0" failures="0" skipped="0" time="0.273" timestamp="2022-01-18T12:21:42">
                     <properties>
[...]
</properties>
                     <testcase classname="dk.nuuday.digitalCommunications.voxbone.httpModels.VoxboneHttpRequestsTest" name="A VoxboneHttpRequests should be able to parse queryparameters if there is an empty set of queryParameters" time="0.01">
                                                 
                                               </testcase><testcase classname="dk.nuuday.digitalCommunications.voxbone.httpModels.VoxboneHttpRequestsTest" name="A VoxboneHttpRequests should be able to parse a QueryParameters to String if there is only 1." time="0.0">
                                                 
                                               </testcase><testcase classname="dk.nuuday.digitalCommunications.voxbone.httpModels.VoxboneHttpRequestsTest" name="A VoxboneHttpRequests should be able to parse several QueryParameters in correct format" time="0.0">
                                                 
                                               </testcase><testcase classname="dk.nuuday.digitalCommunications.voxbone.httpModels.VoxboneHttpRequestsTest" name="A VoxboneHttpRequests should not create queryParameters if there is None" time="0.0">
                                                 
                                               </testcase><testcase classname="dk.nuuday.digitalCommunications.voxbone.httpModels.VoxboneHttpRequestsTest" name="A VoxboneHttpRequests Should generate a valid HttpRequest using listNumberInventoryRequest method" time="0.112">
                                                 
                                               </testcase><testcase classname="dk.nuuday.digitalCommunications.voxbone.httpModels.VoxboneHttpRequestsTest" name="json parser should be able to parse and serialize json as provided from the API and parse it into a Did class" time="0.145">
                                                 
                                               </testcase><testcase classname="dk.nuuday.digitalCommunications.voxbone.httpModels.VoxboneHttpRequestsTest" name="json parser should be able to serialize jsonString to NumberInventory" time="0.0">
                                                 
                                               </testcase><testcase classname="dk.nuuday.digitalCommunications.voxbone.httpModels.VoxboneHttpRequestsTest" name="json parser should be able to serialize Cart" time="0.0">
                                                 
                                               </testcase><testcase classname="dk.nuuday.digitalCommunications.voxbone.httpModels.VoxboneHttpRequestsTest" name="json parser should be able to parse voiceUris" time="0.001">
                                                 
                                               </testcase><testcase classname="dk.nuuday.digitalCommunications.voxbone.httpModels.VoxboneHttpRequestsTest" name="json parser should be able to parse ChangeVoiceResponse" time="0.005">
                                                 
                                               </testcase>
                     <system-out><![CDATA[]]></system-out>
                     <system-err><![CDATA[]]></system-err>
                   </testsuite>